-5KQ66BBWC4
_7oWZq_s_Sk
0f39OWEqJ24
2DUITARAsWQ
2fwni_Kjf2M
2PpxiG0WU18
2qQs3Y9OJX0
2XeFK-DTSZk
4gVsDd8PV9U
4ZpjKfu6Cl8
5BDj0ow5hnA
5milLu-6bWI
5YPjcdLbs5g
7nHkh4sP5Ks
7YpF6DntOYw
8aMv-ZGD4ic
8VZEwOCQ8bc
9bK05eBt1GM
9F2voT6QWvQ
9mLYmkonWZQ
9Y_l9NsnYE0
20TAGRElvfE
26V9UzqSguo
32HR3MnDZ8g
053oq2xB3oU
55Ihr6uVIDA
914yZXz-iRs
a5mEmM6w_ks
Ag-pXiLrd48
AN07xQokfiE
ax3q-RkVIt4
AYebXQ8eUkM
b5pRYl_djbs
B1MAUxpKaV8
BCiuXAuCKAU
bhlFavrh7WU
BY3sZmvUp-0
C25wkwAMB-w
cKA-qeZuH_w
CrlfWnsS7ac
cWYJHb25EVs
CZ2NP8UsPuE
E7JcKooKVsM
F3dPH6Xqf5M
fNcxxBjEOgw
fpprSy6AzKk
G5Yr20A5z_Q
Gvp-cj3bmIY
Hi8QeP_VPu0
HKjR70GCRPE
HV0H6oc4Kvs
HymKCzQJbB8
-IELREHX_js
IKdBLciu_-A
iSlDMboCSao
IzvOYVMltkI
J1jDc2rTJlg
J4bt4y9ShTA
jgAwJ0RqmYg
JNb4nWexD0I
jqZpiHlJUig
Kb1fduj-jdY
KHHgQ_Pe4cI
kMy-6RtoOVU
Ksd1JQFHYWA
K_SpqDJnlps
KVq6If6ozMY
KWoSGtglCms
l2XO3tQk8lI
lDmLcWWBp1E
LgBQlW6OTr0
l-jxh8gpxuY
lWXhqIAvarw
Ma2hgTmveKQ
_mAfwH6i90E
N0Dt9i9IUNg
N1K2bEZLL_A
N5UD8FGzDek
NEQ7Wpf-EtI
o4xQ-BEa3Ss
oD_wxyTHJ2I
OfMdakd4bHI
OGNnUvJq9RI
O_NYCUhZ9zw
oq_bufAhyl8
Ov0za6Xb1LM
P60OxWahxBQ
P90hF2S1JzA
phrYEKv0rmw
phVLLTMzmKk
plkJ45_-pMk
PmElx9ZVByw
PNZQ2UJfyQE
QCLQYnt3aMo
qx2vAO5ofmo
rFgb2ECMcrY
rJKeqfTlAeY
rk8Xm0EAOWs
rUYsoIIE37A
rXFlJbXyZyc
